<?xml version="1.0" encoding="UTF-8"?>
<!-- Generated by org.testng.reporters.JUnitXMLReporter -->
<testsuite ignored="0" hostname="DESKTOP-S0IDM29" failures="0" tests="7" name="Test" time="61.79" errors="0" timestamp="2025-10-22T12:19:49 IST">
  <testcase classname="testcases.BlazeDemoTest" name="completeFlightBookingFlow" time="9.387"/>
  <testcase classname="testcases.HomePageTest" name="testValidCitySelection" time="0.976"/>
  <testcase classname="testcases.HomePageTest" name="testSameCitySelection" time="1.816"/>
  <testcase classname="testcases.HomePageTest" name="testCitySelection" time="0.917"/>
  <testcase classname="testcases.Purchaseformtest" name="testEmptyNameField" time="3.345"/>
  <testcase classname="testcases.Purchaseformtest" name="testInvalidCardNumber" time="3.936"/>
  <testcase classname="testcases.Purchaseformtest" name="testValidDataSubmission" time="3.351"/>
</testsuite> <!-- Test -->
