<?xml version="1.0" encoding="UTF-8"?>
<testng-results ignored="0" total="7" passed="7" failed="0" skipped="0">
  <reporter-output>
  </reporter-output>
  <suite started-at="2025-10-22T12:18:48 IST" name="Suite" finished-at="2025-10-22T12:19:49 IST" duration-ms="61790">
    <groups>
    </groups>
    <test started-at="2025-10-22T12:18:48 IST" name="Test" finished-at="2025-10-22T12:19:49 IST" duration-ms="61790">
      <class name="testcases.HomePageTest">
        <test-method is-config="true" signature="setup()[pri:0, instance:testcases.HomePageTest@5656be13]" started-at="2025-10-22T12:19:04 IST" name="setup" finished-at="2025-10-22T12:19:08 IST" duration-ms="3892" status="PASS">
          <reporter-output>
          </reporter-output>
        </test-method> <!-- setup -->
        <test-method signature="testValidCitySelection()[pri:1, instance:testcases.HomePageTest@5656be13]" started-at="2025-10-22T12:19:08 IST" name="testValidCitySelection" finished-at="2025-10-22T12:19:09 IST" duration-ms="976" status="PASS">
          <reporter-output>
          </reporter-output>
        </test-method> <!-- testValidCitySelection -->
        <test-method is-config="true" signature="tearDown()[pri:0, instance:testcases.HomePageTest@5656be13]" started-at="2025-10-22T12:19:09 IST" name="tearDown" finished-at="2025-10-22T12:19:09 IST" duration-ms="262" status="PASS">
          <reporter-output>
          </reporter-output>
        </test-method> <!-- tearDown -->
        <test-method is-config="true" signature="setup()[pri:0, instance:testcases.HomePageTest@5656be13]" started-at="2025-10-22T12:19:09 IST" name="setup" finished-at="2025-10-22T12:19:11 IST" duration-ms="2454" status="PASS">
          <reporter-output>
          </reporter-output>
        </test-method> <!-- setup -->
        <test-method signature="testSameCitySelection()[pri:2, instance:testcases.HomePageTest@5656be13]" started-at="2025-10-22T12:19:11 IST" name="testSameCitySelection" finished-at="2025-10-22T12:19:13 IST" duration-ms="1816" status="PASS">
          <reporter-output>
          </reporter-output>
        </test-method> <!-- testSameCitySelection -->
        <test-method is-config="true" signature="tearDown()[pri:0, instance:testcases.HomePageTest@5656be13]" started-at="2025-10-22T12:19:13 IST" name="tearDown" finished-at="2025-10-22T12:19:13 IST" duration-ms="244" status="PASS">
          <reporter-output>
          </reporter-output>
        </test-method> <!-- tearDown -->
        <test-method is-config="true" signature="setup()[pri:0, instance:testcases.HomePageTest@5656be13]" started-at="2025-10-22T12:19:13 IST" name="setup" finished-at="2025-10-22T12:19:18 IST" duration-ms="4672" status="PASS">
          <reporter-output>
          </reporter-output>
        </test-method> <!-- setup -->
        <test-method signature="testCitySelection()[pri:3, instance:testcases.HomePageTest@5656be13]" started-at="2025-10-22T12:19:18 IST" name="testCitySelection" finished-at="2025-10-22T12:19:19 IST" duration-ms="917" status="PASS">
          <reporter-output>
          </reporter-output>
        </test-method> <!-- testCitySelection -->
        <test-method is-config="true" signature="tearDown()[pri:0, instance:testcases.HomePageTest@5656be13]" started-at="2025-10-22T12:19:19 IST" name="tearDown" finished-at="2025-10-22T12:19:19 IST" duration-ms="250" status="PASS">
          <reporter-output>
          </reporter-output>
        </test-method> <!-- tearDown -->
      </class> <!-- testcases.HomePageTest -->
      <class name="testcases.Purchaseformtest">
        <test-method is-config="true" signature="setup()[pri:0, instance:testcases.Purchaseformtest@4218d6a3]" started-at="2025-10-22T12:19:19 IST" name="setup" finished-at="2025-10-22T12:19:22 IST" duration-ms="3287" status="PASS">
          <reporter-output>
          </reporter-output>
        </test-method> <!-- setup -->
        <test-method signature="testEmptyNameField()[pri:1, instance:testcases.Purchaseformtest@4218d6a3]" started-at="2025-10-22T12:19:22 IST" name="testEmptyNameField" finished-at="2025-10-22T12:19:26 IST" duration-ms="3345" status="PASS">
          <reporter-output>
          </reporter-output>
        </test-method> <!-- testEmptyNameField -->
        <test-method is-config="true" signature="tearDown()[pri:0, instance:testcases.Purchaseformtest@4218d6a3]" started-at="2025-10-22T12:19:26 IST" name="tearDown" finished-at="2025-10-22T12:19:26 IST" duration-ms="255" status="PASS">
          <reporter-output>
          </reporter-output>
        </test-method> <!-- tearDown -->
        <test-method is-config="true" signature="setup()[pri:0, instance:testcases.Purchaseformtest@4218d6a3]" started-at="2025-10-22T12:19:26 IST" name="setup" finished-at="2025-10-22T12:19:31 IST" duration-ms="4721" status="PASS">
          <reporter-output>
          </reporter-output>
        </test-method> <!-- setup -->
        <test-method signature="testInvalidCardNumber()[pri:2, instance:testcases.Purchaseformtest@4218d6a3]" started-at="2025-10-22T12:19:31 IST" name="testInvalidCardNumber" finished-at="2025-10-22T12:19:35 IST" duration-ms="3936" status="PASS">
          <reporter-output>
          </reporter-output>
        </test-method> <!-- testInvalidCardNumber -->
        <test-method is-config="true" signature="tearDown()[pri:0, instance:testcases.Purchaseformtest@4218d6a3]" started-at="2025-10-22T12:19:35 IST" name="tearDown" finished-at="2025-10-22T12:19:35 IST" duration-ms="244" status="PASS">
          <reporter-output>
          </reporter-output>
        </test-method> <!-- tearDown -->
        <test-method is-config="true" signature="setup()[pri:0, instance:testcases.Purchaseformtest@4218d6a3]" started-at="2025-10-22T12:19:35 IST" name="setup" finished-at="2025-10-22T12:19:46 IST" duration-ms="10767" status="PASS">
          <reporter-output>
          </reporter-output>
        </test-method> <!-- setup -->
        <test-method signature="testValidDataSubmission()[pri:3, instance:testcases.Purchaseformtest@4218d6a3]" started-at="2025-10-22T12:19:46 IST" name="testValidDataSubmission" finished-at="2025-10-22T12:19:49 IST" duration-ms="3351" status="PASS">
          <reporter-output>
          </reporter-output>
        </test-method> <!-- testValidDataSubmission -->
        <test-method is-config="true" signature="tearDown()[pri:0, instance:testcases.Purchaseformtest@4218d6a3]" started-at="2025-10-22T12:19:49 IST" name="tearDown" finished-at="2025-10-22T12:19:49 IST" duration-ms="247" status="PASS">
          <reporter-output>
          </reporter-output>
        </test-method> <!-- tearDown -->
      </class> <!-- testcases.Purchaseformtest -->
      <class name="testcases.BlazeDemoTest">
        <test-method is-config="true" signature="setup()[pri:0, instance:testcases.BlazeDemoTest@2b662a77]" started-at="2025-10-22T12:18:48 IST" name="setup" finished-at="2025-10-22T12:18:54 IST" duration-ms="6328" status="PASS">
          <reporter-output>
          </reporter-output>
        </test-method> <!-- setup -->
        <test-method signature="completeFlightBookingFlow()[pri:1, instance:testcases.BlazeDemoTest@2b662a77]" started-at="2025-10-22T12:18:54 IST" name="completeFlightBookingFlow" finished-at="2025-10-22T12:19:03 IST" duration-ms="9387" status="PASS">
          <reporter-output>
          </reporter-output>
        </test-method> <!-- completeFlightBookingFlow -->
        <test-method is-config="true" signature="tearDown()[pri:0, instance:testcases.BlazeDemoTest@2b662a77]" started-at="2025-10-22T12:19:03 IST" name="tearDown" finished-at="2025-10-22T12:19:04 IST" duration-ms="326" status="PASS">
          <reporter-output>
          </reporter-output>
        </test-method> <!-- tearDown -->
      </class> <!-- testcases.BlazeDemoTest -->
    </test> <!-- Test -->
  </suite> <!-- Suite -->
</testng-results>
